#
# A fatal error has been detected by the Java Runtime Environment:
#
#  EXCEPTION_PRIV_INSTRUCTION (0xc0000096) at pc=0x0000000013618cd6, pid=37196, tid=68952
#
# JRE version: Java(TM) SE Runtime Environment (10.0.2+13) (build 10.0.2+13)
# Java VM: Java HotSpot(TM) 64-Bit Server VM (10.0.2+13, mixed mode, tiered, compressed oops, g1 gc, windows-amd64)
# Problematic frame:
# j  cfh.circles.SVG.read(Ljava/util/List;)[D+81
#
# No core dump will be written. Minidumps are not enabled by default on client versions of Windows
#
# If you would like to submit a bug report, please visit:
#   http://bugreport.java.com/bugreport/crash.jsp
#

---------------  S U M M A R Y ------------

Command Line: -agentlib:jdwp=transport=dt_socket,suspend=y,address=localhost:3409 -ea -Dfile.encoding=UTF-8 cfh.circles.Main

Host: Intel(R) Core(TM) i5-3210M CPU @ 2.50GHz, 4 cores, 7G,  Windows 7 , 64 bit Build 7601 (6.1.7601.23391)
Time: Sun Aug 05 23:13:39 2018 Koordinierte Weltzeit elapsed time: 133 seconds (0d 0h 2m 13s)

---------------  T H R E A D  ---------------

Current thread (0x00000000681e8800):  JavaThread "AWT-EventQueue-0" [_thread_in_Java, id=68952, stack(0x0000000069110000,0x0000000069210000)]

Stack: [0x0000000069110000,0x0000000069210000],  sp=0x000000006920ae60,  free space=1003k
Native frames: (J=compiled Java code, j=interpreted, Vv=VM code, C=native code)
C  0x0000000013618cd6


siginfo: EXCEPTION_PRIV_INSTRUCTION (0xc0000096)


Register to memory mapping:

RIP=0x0000000013618cd6 is at code_begin+118 in an Interpreter codelet
error exits  [0x0000000013618c60, 0x0000000013618d60]  256 bytes
RAX=0x0000000000000000 is an unknown value
RBX=0x00000000000000ff is an unknown value
RCX=0x0000000000000000 is an unknown value
RDX=0x0000000000000000 is an unknown value
RSP=0x000000006920ae60 is pointing into the stack for thread: 0x00000000681e8800
RBP=0x000000006920af28 is pointing into the stack for thread: 0x00000000681e8800
RSI=
[error occurred during error reporting (printing register info), id 0xc0000096]

Registers:
RAX=0x0000000000000000, RBX=0x00000000000000ff, RCX=0x0000000000000000, RDX=0x0000000000000000
RSP=0x000000006920ae60, RBP=0x000000006920af28, RSI=0x00000000ffffffff, RDI=0x0000000000000005
R8 =0x0000000000000048, R9 =0x0000000000000048, R10=0x0000000000000048, R11=0x000000006920a620
R12=0x0000000000000000, R13=0x000000006dc54afe, R14=0x000000006920afb8, R15=0x00000000681e8800
RIP=0x0000000013618cd6, EFLAGS=0x0000000000010206

Top of Stack: (sp=0x000000006920ae60)
0x000000006920ae60:   00000000681e8800 00000000000000ff
0x000000006920ae70:   000000006920af28 00000000ffffffff
0x000000006920ae80:   000000006b94c590 00000000082b0bc0
0x000000006920ae90:   0000000087543f60 0000000000000073
0x000000006920aea0:   0000000000000005 00000000ffffffff
0x000000006920aeb0:   000000006920af28 000000006920aee0
0x000000006920aec0:   00000000000000ff 00000000000001ca
0x000000006920aed0:   000000006dc54c28 0000000000000000
0x000000006920aee0:   000000006920aee0 000000006dc54929
0x000000006920aef0:   000000006920afb8 000000006dc55b10
0x000000006920af00:   0000000000000000 00000000875012b0
0x000000006920af10:   000000006dc54c28 0000000000000000
0x000000006920af20:   000000006920afb8 000000006920b008
0x000000006920af30:   000000001361c088 0000000000000000
0x000000006920af40:   0000000000000000 0000000000000000
0x000000006920af50:   0000000000000000 0000000000000000 

Instructions: (pc=0x0000000013618cd6)
0x0000000013618cb6:   48 b9 10 49 10 08 00 00 00 00 48 ba 60 8c 61 13
0x0000000013618cc6:   00 00 00 00 4c 8b c4 48 83 e4 f0 e8 7a eb 7b f4
0x0000000013618cd6:   f4 48 89 64 24 d8 48 81 ec 80 00 00 00 48 89 44
0x0000000013618ce6:   24 78 48 89 4c 24 70 48 89 54 24 68 48 89 5c 24 


error exits  [0x0000000013618c60, 0x0000000013618d60]  256 bytes

---------------  P R O C E S S  ---------------

Threads class SMR info:
_java_thread_list=0x00000000672790c0, length=20, elements={
0x0000000007597800, 0x00000000075a3000, 0x00000000075aa000, 0x00000000075ac800,
0x00000000075ad800, 0x00000000075b6800, 0x00000000075b9800, 0x00000000075c4000,
0x000000006716c800, 0x0000000067170000, 0x0000000067171000, 0x000000006717e000,
0x0000000067185000, 0x00000000684bd800, 0x00000000684c0800, 0x000000006806f800,
0x00000000681e8800, 0x0000000000461800, 0x0000000068099000, 0x0000000069b61800
}

Java Threads: ( => current thread )
  0x0000000007597800 JavaThread "Reference Handler" daemon [_thread_blocked, id=70364, stack(0x0000000066540000,0x0000000066640000)]
  0x00000000075a3000 JavaThread "Finalizer" daemon [_thread_blocked, id=69844, stack(0x0000000007660000,0x0000000007760000)]
  0x00000000075aa000 JavaThread "Signal Dispatcher" daemon [_thread_blocked, id=67084, stack(0x0000000066640000,0x0000000066740000)]
  0x00000000075ac800 JavaThread "Attach Listener" daemon [_thread_blocked, id=68232, stack(0x0000000066810000,0x0000000066910000)]
  0x00000000075ad800 JavaThread "C2 CompilerThread0" daemon [_thread_blocked, id=65804, stack(0x00000000669a0000,0x0000000066aa0000)]
  0x00000000075b6800 JavaThread "C2 CompilerThread1" daemon [_thread_blocked, id=69736, stack(0x0000000066b40000,0x0000000066c40000)]
  0x00000000075b9800 JavaThread "C1 CompilerThread2" daemon [_thread_blocked, id=69772, stack(0x0000000066d80000,0x0000000066e80000)]
  0x00000000075c4000 JavaThread "Sweeper thread" daemon [_thread_blocked, id=70984, stack(0x0000000066ee0000,0x0000000066fe0000)]
  0x000000006716c800 JavaThread "JDWP Transport Listener: dt_socket" daemon [_thread_blocked, id=71492, stack(0x0000000067960000,0x0000000067a60000)]
  0x0000000067170000 JavaThread "JDWP Event Helper Thread" daemon [_thread_blocked, id=46568, stack(0x00000000673f0000,0x00000000674f0000)]
  0x0000000067171000 JavaThread "JDWP Command Reader" daemon [_thread_in_native, id=70516, stack(0x0000000067ad0000,0x0000000067bd0000)]
  0x000000006717e000 JavaThread "Service Thread" daemon [_thread_blocked, id=71488, stack(0x0000000067bd0000,0x0000000067cd0000)]
  0x0000000067185000 JavaThread "Common-Cleaner" daemon [_thread_blocked, id=70592, stack(0x0000000067760000,0x0000000067860000)]
  0x00000000684bd800 JavaThread "Java2D Disposer" daemon [_thread_blocked, id=71412, stack(0x0000000068b00000,0x0000000068c00000)]
  0x00000000684c0800 JavaThread "AWT-Shutdown" [_thread_blocked, id=70172, stack(0x0000000068930000,0x0000000068a30000)]
  0x000000006806f800 JavaThread "AWT-Windows" daemon [_thread_in_native, id=67624, stack(0x0000000068c50000,0x0000000068d50000)]
=>0x00000000681e8800 JavaThread "AWT-EventQueue-0" [_thread_in_Java, id=68952, stack(0x0000000069110000,0x0000000069210000)]
  0x0000000000461800 JavaThread "DestroyJavaVM" [_thread_blocked, id=71012, stack(0x0000000001f80000,0x0000000002080000)]
  0x0000000068099000 JavaThread "TimerQueue" daemon [_thread_blocked, id=70992, stack(0x000000006b710000,0x000000006b810000)]
  0x0000000069b61800 JavaThread "Swing-Shell" daemon [_thread_blocked, id=63008, stack(0x000000006bfd0000,0x000000006c0d0000)]

Other Threads:
  0x0000000007594800 VMThread "VM Thread" [stack: 0x0000000006550000,0x0000000006650000] [id=71124]
  0x0000000067187000 WatcherThread [stack: 0x0000000067e10000,0x0000000067f10000] [id=71228]
  0x0000000000478000 GCTaskThread "GC Thread#0" [stack: 0x0000000002900000,0x0000000002a00000] [id=67580]
  0x0000000000479000 GCTaskThread "GC Thread#1" [stack: 0x0000000002bb0000,0x0000000002cb0000] [id=70416]
  0x000000000047c800 GCTaskThread "GC Thread#2" [stack: 0x0000000002a50000,0x0000000002b50000] [id=69184]
  0x0000000000480800 GCTaskThread "GC Thread#3" [stack: 0x0000000002de0000,0x0000000002ee0000] [id=71280]
  0x00000000004ba800 ConcurrentGCThread "G1 Main Marker" [stack: 0x0000000005ef0000,0x0000000005ff0000] [id=60892]
  0x00000000004bc800 ConcurrentGCThread "G1 Conc#0" [stack: 0x0000000006090000,0x0000000006190000] [id=71136]
  0x0000000005d43000 ConcurrentGCThread "G1 Refine#0" [stack: 0x0000000006650000,0x0000000006750000] [id=71608]
  0x0000000005d45000 ConcurrentGCThread "G1 Refine#1" [stack: 0x0000000006790000,0x0000000006890000] [id=51528]
  0x0000000005d48000 ConcurrentGCThread "G1 Refine#2" [stack: 0x00000000068f0000,0x00000000069f0000] [id=68356]
  0x0000000005d49000 ConcurrentGCThread "G1 Refine#3" [stack: 0x0000000006a20000,0x0000000006b20000] [id=70772]
  0x0000000005d4c800 ConcurrentGCThread "G1 Young RemSet Sampling" [stack: 0x0000000006b50000,0x0000000006c50000] [id=61764]

Threads with active compile tasks:

VM state:not at safepoint (normal execution)

VM Mutex/Monitor currently owned by a thread: None

Heap address: 0x0000000084400000, size: 1980 MB, Compressed Oops mode: 32-bit
Narrow klass base: 0x0000000000000000, Narrow klass shift: 0
Compressed class space size: 1073741824 Address: 0x0000000026500000

Heap:
 garbage-first heap   total 126976K, used 79124K [0x0000000084400000, 0x0000000100000000)
  region size 1024K, 70 young (71680K), 5 survivors (5120K)
 Metaspace       used 20862K, capacity 21358K, committed 21680K, reserved 1069056K
  class space    used 2196K, capacity 2438K, committed 2560K, reserved 1048576K
Heap Regions: E=young(eden), S=young(survivor), O=old, HS=humongous(starts), HC=humongous(continues), CS=collection set, F=free, A=archive, TS=gc time stamp, AC=allocation context, TAMS=top-at-mark-start (previous, next)
|   0|0x0000000084400000, 0x0000000084500000, 0x0000000084500000|100%|HS|  |TS  0|AC  0|TAMS 0x0000000084500000, 0x0000000084500000|
|   1|0x0000000084500000, 0x0000000084600000, 0x0000000084600000|100%|HC|  |TS  0|AC  0|TAMS 0x0000000084600000, 0x0000000084600000|
|   2|0x0000000084600000, 0x0000000084700000, 0x0000000084700000|100%|HC|  |TS  0|AC  0|TAMS 0x0000000084700000, 0x0000000084700000|
|   3|0x0000000084700000, 0x0000000084800000, 0x0000000084800000|100%|HS|  |TS  0|AC  0|TAMS 0x0000000084800000, 0x0000000084800000|
|   4|0x0000000084800000, 0x0000000084900000, 0x0000000084900000|100%|HC|  |TS  0|AC  0|TAMS 0x0000000084900000, 0x0000000084900000|
|   5|0x0000000084900000, 0x0000000084a00000, 0x0000000084a00000|100%|HC|  |TS  0|AC  0|TAMS 0x0000000084a00000, 0x0000000084a00000|
|   6|0x0000000084a00000, 0x0000000084b00000, 0x0000000084b00000|100%| O|  |TS  0|AC  0|TAMS 0x0000000084b00000, 0x0000000084b00000|
|   7|0x0000000084b00000, 0x0000000084c00000, 0x0000000084c00000|100%| O|  |TS  0|AC  0|TAMS 0x0000000084c00000, 0x0000000084c00000|
|   8|0x0000000084c00000, 0x0000000084cf4600, 0x0000000084d00000| 95%| O|  |TS  1|AC  0|TAMS 0x0000000084cf4600, 0x0000000084cf4600|
|   9|0x0000000084d00000, 0x0000000084d00000, 0x0000000084e00000|  0%| F|  |TS  0|AC  0|TAMS 0x0000000084d00000, 0x0000000084d00000|
|  10|0x0000000084e00000, 0x0000000084e00000, 0x0000000084f00000|  0%| F|  |TS  0|AC  0|TAMS 0x0000000084e00000, 0x0000000084e00000|
|  11|0x0000000084f00000, 0x0000000084f00000, 0x0000000085000000|  0%| F|  |TS  0|AC  0|TAMS 0x0000000084f00000, 0x0000000084f00000|
|  12|0x0000000085000000, 0x0000000085000000, 0x0000000085100000|  0%| F|  |TS  0|AC  0|TAMS 0x0000000085000000, 0x0000000085000000|
|  13|0x0000000085100000, 0x0000000085100000, 0x0000000085200000|  0%| F|  |TS  0|AC  0|TAMS 0x0000000085100000, 0x0000000085100000|
|  14|0x0000000085200000, 0x0000000085200000, 0x0000000085300000|  0%| F|  |TS  0|AC  0|TAMS 0x0000000085200000, 0x0000000085200000|
|  15|0x0000000085300000, 0x0000000085300000, 0x0000000085400000|  0%| F|  |TS  0|AC  0|TAMS 0x0000000085300000, 0x0000000085300000|
|  16|0x0000000085400000, 0x0000000085400000, 0x0000000085500000|  0%| F|  |TS  0|AC  0|TAMS 0x0000000085400000, 0x0000000085400000|
|  17|0x0000000085500000, 0x0000000085500000, 0x0000000085600000|  0%| F|  |TS  0|AC  0|TAMS 0x0000000085500000, 0x0000000085500000|
|  18|0x0000000085600000, 0x0000000085600000, 0x0000000085700000|  0%| F|  |TS  0|AC  0|TAMS 0x0000000085600000, 0x0000000085600000|
|  19|0x0000000085700000, 0x0000000085700000, 0x0000000085800000|  0%| F|  |TS  0|AC  0|TAMS 0x0000000085700000, 0x0000000085700000|
|  20|0x0000000085800000, 0x0000000085800000, 0x0000000085900000|  0%| F|  |TS  0|AC  0|TAMS 0x0000000085800000, 0x0000000085800000|
|  21|0x0000000085900000, 0x0000000085900000, 0x0000000085a00000|  0%| F|  |TS  0|AC  0|TAMS 0x0000000085900000, 0x0000000085900000|
|  22|0x0000000085a00000, 0x0000000085a00000, 0x0000000085b00000|  0%| F|  |TS  0|AC  0|TAMS 0x0000000085a00000, 0x0000000085a00000|
|  23|0x0000000085b00000, 0x0000000085b00000, 0x0000000085c00000|  0%| F|  |TS  0|AC  0|TAMS 0x0000000085b00000, 0x0000000085b00000|
|  24|0x0000000085c00000, 0x0000000085c00000, 0x0000000085d00000|  0%| F|  |TS  0|AC  0|TAMS 0x0000000085c00000, 0x0000000085c00000|
|  25|0x0000000085d00000, 0x0000000085d00000, 0x0000000085e00000|  0%| F|  |TS  0|AC  0|TAMS 0x0000000085d00000, 0x0000000085d00000|
|  26|0x0000000085e00000, 0x0000000085e00000, 0x0000000085f00000|  0%| F|  |TS  0|AC  0|TAMS 0x0000000085e00000, 0x0000000085e00000|
|  27|0x0000000085f00000, 0x0000000085f00000, 0x0000000086000000|  0%| F|  |TS  0|AC  0|TAMS 0x0000000085f00000, 0x0000000085f00000|
|  28|0x0000000086000000, 0x0000000086000000, 0x0000000086100000|  0%| F|  |TS  0|AC  0|TAMS 0x0000000086000000, 0x0000000086000000|
|  29|0x0000000086100000, 0x0000000086100000, 0x0000000086200000|  0%| F|  |TS  0|AC  0|TAMS 0x0000000086100000, 0x0000000086100000|
|  30|0x0000000086200000, 0x0000000086200000, 0x0000000086300000|  0%| F|  |TS  0|AC  0|TAMS 0x0000000086200000, 0x0000000086200000|
|  31|0x0000000086300000, 0x0000000086300000, 0x0000000086400000|  0%| F|  |TS  0|AC  0|TAMS 0x0000000086300000, 0x0000000086300000|
|  32|0x0000000086400000, 0x0000000086400000, 0x0000000086500000|  0%| F|  |TS  0|AC  0|TAMS 0x0000000086400000, 0x0000000086400000|
|  33|0x0000000086500000, 0x0000000086500000, 0x0000000086600000|  0%| F|  |TS  0|AC  0|TAMS 0x0000000086500000, 0x0000000086500000|
|  34|0x0000000086600000, 0x0000000086600000, 0x0000000086700000|  0%| F|  |TS  0|AC  0|TAMS 0x0000000086600000, 0x0000000086600000|
|  35|0x0000000086700000, 0x0000000086700000, 0x0000000086800000|  0%| F|  |TS  0|AC  0|TAMS 0x0000000086700000, 0x0000000086700000|
|  36|0x0000000086800000, 0x0000000086800000, 0x0000000086900000|  0%| F|  |TS  0|AC  0|TAMS 0x0000000086800000, 0x0000000086800000|
|  37|0x0000000086900000, 0x0000000086900000, 0x0000000086a00000|  0%| F|  |TS  0|AC  0|TAMS 0x0000000086900000, 0x0000000086900000|
|  38|0x0000000086a00000, 0x0000000086a00000, 0x0000000086b00000|  0%| F|  |TS  0|AC  0|TAMS 0x0000000086a00000, 0x0000000086a00000|
|  39|0x0000000086b00000, 0x0000000086b00000, 0x0000000086c00000|  0%| F|  |TS  0|AC  0|TAMS 0x0000000086b00000, 0x0000000086b00000|
|  40|0x0000000086c00000, 0x0000000086c00000, 0x0000000086d00000|  0%| F|  |TS  0|AC  0|TAMS 0x0000000086c00000, 0x0000000086c00000|
|  41|0x0000000086d00000, 0x0000000086d00000, 0x0000000086e00000|  0%| F|  |TS  0|AC  0|TAMS 0x0000000086d00000, 0x0000000086d00000|
|  42|0x0000000086e00000, 0x0000000086e00000, 0x0000000086f00000|  0%| F|  |TS  0|AC  0|TAMS 0x0000000086e00000, 0x0000000086e00000|
|  43|0x0000000086f00000, 0x0000000086f00000, 0x0000000087000000|  0%| F|  |TS  0|AC  0|TAMS 0x0000000086f00000, 0x0000000086f00000|
|  44|0x0000000087000000, 0x0000000087000000, 0x0000000087100000|  0%| F|  |TS  0|AC  0|TAMS 0x0000000087000000, 0x0000000087000000|
|  45|0x0000000087100000, 0x0000000087150df0, 0x0000000087200000| 31%| S|CS|TS  1|AC  0|TAMS 0x0000000087100000, 0x0000000087100000|
|  46|0x0000000087200000, 0x0000000087300000, 0x0000000087300000|100%| S|CS|TS  1|AC  0|TAMS 0x0000000087200000, 0x0000000087200000|
|  47|0x0000000087300000, 0x0000000087400000, 0x0000000087400000|100%| S|CS|TS  1|AC  0|TAMS 0x0000000087300000, 0x0000000087300000|
|  48|0x0000000087400000, 0x0000000087500000, 0x0000000087500000|100%| S|CS|TS  1|AC  0|TAMS 0x0000000087400000, 0x0000000087400000|
|  49|0x0000000087500000, 0x0000000087600000, 0x0000000087600000|100%| S|CS|TS  1|AC  0|TAMS 0x0000000087500000, 0x0000000087500000|
|  50|0x0000000087600000, 0x0000000087600000, 0x0000000087700000|  0%| F|  |TS  1|AC  0|TAMS 0x0000000087600000, 0x0000000087600000|
|  51|0x0000000087700000, 0x0000000087700000, 0x0000000087800000|  0%| F|  |TS  1|AC  0|TAMS 0x0000000087700000, 0x0000000087700000|
|  52|0x0000000087800000, 0x0000000087800000, 0x0000000087900000|  0%| F|  |TS  1|AC  0|TAMS 0x0000000087800000, 0x0000000087800000|
|  53|0x0000000087900000, 0x0000000087900000, 0x0000000087a00000|  0%| F|  |TS  1|AC  0|TAMS 0x0000000087900000, 0x0000000087900000|
|  54|0x0000000087a00000, 0x0000000087a00000, 0x0000000087b00000|  0%| F|  |TS  1|AC  0|TAMS 0x0000000087a00000, 0x0000000087a00000|
|  55|0x0000000087b00000, 0x0000000087b00000, 0x0000000087c00000|  0%| F|  |TS  1|AC  0|TAMS 0x0000000087b00000, 0x0000000087b00000|
|  56|0x0000000087c00000, 0x0000000087c00000, 0x0000000087d00000|  0%| F|  |TS  1|AC  0|TAMS 0x0000000087c00000, 0x0000000087c00000|
|  57|0x0000000087d00000, 0x0000000087d00000, 0x0000000087e00000|  0%| F|  |TS  1|AC  0|TAMS 0x0000000087d00000, 0x0000000087d00000|
|  58|0x0000000087e00000, 0x0000000087e00000, 0x0000000087f00000|  0%| F|  |TS  1|AC  0|TAMS 0x0000000087e00000, 0x0000000087e00000|
|  59|0x0000000087f00000, 0x0000000088000000, 0x0000000088000000|100%| E|  |TS  1|AC  0|TAMS 0x0000000087f00000, 0x0000000087f00000|
|  60|0x0000000088000000, 0x0000000088100000, 0x0000000088100000|100%| E|CS|TS  1|AC  0|TAMS 0x0000000088000000, 0x0000000088000000|
|  61|0x0000000088100000, 0x0000000088200000, 0x0000000088200000|100%| E|CS|TS  1|AC  0|TAMS 0x0000000088100000, 0x0000000088100000|
|  62|0x0000000088200000, 0x0000000088300000, 0x0000000088300000|100%| E|CS|TS  1|AC  0|TAMS 0x0000000088200000, 0x0000000088200000|
|  63|0x0000000088300000, 0x0000000088400000, 0x0000000088400000|100%| E|CS|TS  1|AC  0|TAMS 0x0000000088300000, 0x0000000088300000|
|  64|0x0000000088400000, 0x0000000088500000, 0x0000000088500000|100%| E|CS|TS  1|AC  0|TAMS 0x0000000088400000, 0x0000000088400000|
|  65|0x0000000088500000, 0x0000000088600000, 0x0000000088600000|100%| E|CS|TS  1|AC  0|TAMS 0x0000000088500000, 0x0000000088500000|
|  66|0x0000000088600000, 0x0000000088700000, 0x0000000088700000|100%| E|CS|TS  1|AC  0|TAMS 0x0000000088600000, 0x0000000088600000|
|  67|0x0000000088700000, 0x0000000088800000, 0x0000000088800000|100%| E|CS|TS  1|AC  0|TAMS 0x0000000088700000, 0x0000000088700000|
|  68|0x0000000088800000, 0x0000000088900000, 0x0000000088900000|100%| E|CS|TS  1|AC  0|TAMS 0x0000000088800000, 0x0000000088800000|
|  69|0x0000000088900000, 0x0000000088a00000, 0x0000000088a00000|100%| E|CS|TS  1|AC  0|TAMS 0x0000000088900000, 0x0000000088900000|
|  70|0x0000000088a00000, 0x0000000088b00000, 0x0000000088b00000|100%| E|CS|TS  1|AC  0|TAMS 0x0000000088a00000, 0x0000000088a00000|
|  71|0x0000000088b00000, 0x0000000088c00000, 0x0000000088c00000|100%| E|CS|TS  1|AC  0|TAMS 0x0000000088b00000, 0x0000000088b00000|
|  72|0x0000000088c00000, 0x0000000088d00000, 0x0000000088d00000|100%| E|CS|TS  1|AC  0|TAMS 0x0000000088c00000, 0x0000000088c00000|
|  73|0x0000000088d00000, 0x0000000088e00000, 0x0000000088e00000|100%| E|CS|TS  1|AC  0|TAMS 0x0000000088d00000, 0x0000000088d00000|
|  74|0x0000000088e00000, 0x0000000088f00000, 0x0000000088f00000|100%| E|CS|TS  1|AC  0|TAMS 0x0000000088e00000, 0x0000000088e00000|
|  75|0x0000000088f00000, 0x0000000089000000, 0x0000000089000000|100%| E|CS|TS  1|AC  0|TAMS 0x0000000088f00000, 0x0000000088f00000|
|  76|0x0000000089000000, 0x0000000089100000, 0x0000000089100000|100%| E|CS|TS  1|AC  0|TAMS 0x0000000089000000, 0x0000000089000000|
|  77|0x0000000089100000, 0x0000000089200000, 0x0000000089200000|100%| E|CS|TS  1|AC  0|TAMS 0x0000000089100000, 0x0000000089100000|
|  78|0x0000000089200000, 0x0000000089300000, 0x0000000089300000|100%| E|CS|TS  1|AC  0|TAMS 0x0000000089200000, 0x0000000089200000|
|  79|0x0000000089300000, 0x0000000089400000, 0x0000000089400000|100%| E|CS|TS  1|AC  0|TAMS 0x0000000089300000, 0x0000000089300000|
|  80|0x0000000089400000, 0x0000000089500000, 0x0000000089500000|100%| E|CS|TS  1|AC  0|TAMS 0x0000000089400000, 0x0000000089400000|
|  81|0x0000000089500000, 0x0000000089600000, 0x0000000089600000|100%| E|CS|TS  1|AC  0|TAMS 0x0000000089500000, 0x0000000089500000|
|  82|0x0000000089600000, 0x0000000089700000, 0x0000000089700000|100%| E|CS|TS  1|AC  0|TAMS 0x0000000089600000, 0x0000000089600000|
|  83|0x0000000089700000, 0x0000000089800000, 0x0000000089800000|100%| E|CS|TS  1|AC  0|TAMS 0x0000000089700000, 0x0000000089700000|
|  84|0x0000000089800000, 0x0000000089900000, 0x0000000089900000|100%| E|CS|TS  1|AC  0|TAMS 0x0000000089800000, 0x0000000089800000|
|  85|0x0000000089900000, 0x0000000089a00000, 0x0000000089a00000|100%| E|CS|TS  1|AC  0|TAMS 0x0000000089900000, 0x0000000089900000|
|  86|0x0000000089a00000, 0x0000000089b00000, 0x0000000089b00000|100%| E|CS|TS  1|AC  0|TAMS 0x0000000089a00000, 0x0000000089a00000|
|  87|0x0000000089b00000, 0x0000000089c00000, 0x0000000089c00000|100%| E|CS|TS  1|AC  0|TAMS 0x0000000089b00000, 0x0000000089b00000|
|  88|0x0000000089c00000, 0x0000000089d00000, 0x0000000089d00000|100%| E|CS|TS  1|AC  0|TAMS 0x0000000089c00000, 0x0000000089c00000|
|  89|0x0000000089d00000, 0x0000000089e00000, 0x0000000089e00000|100%| E|CS|TS  1|AC  0|TAMS 0x0000000089d00000, 0x0000000089d00000|
|  90|0x0000000089e00000, 0x0000000089f00000, 0x0000000089f00000|100%| E|CS|TS  1|AC  0|TAMS 0x0000000089e00000, 0x0000000089e00000|
|  91|0x0000000089f00000, 0x000000008a000000, 0x000000008a000000|100%| E|CS|TS  1|AC  0|TAMS 0x0000000089f00000, 0x0000000089f00000|
|  92|0x000000008a000000, 0x000000008a100000, 0x000000008a100000|100%| E|CS|TS  1|AC  0|TAMS 0x000000008a000000, 0x000000008a000000|
|  93|0x000000008a100000, 0x000000008a200000, 0x000000008a200000|100%| E|CS|TS  1|AC  0|TAMS 0x000000008a100000, 0x000000008a100000|
|  94|0x000000008a200000, 0x000000008a300000, 0x000000008a300000|100%| E|CS|TS  1|AC  0|TAMS 0x000000008a200000, 0x000000008a200000|
|  95|0x000000008a300000, 0x000000008a400000, 0x000000008a400000|100%| E|CS|TS  1|AC  0|TAMS 0x000000008a300000, 0x000000008a300000|
|  96|0x000000008a400000, 0x000000008a500000, 0x000000008a500000|100%| E|CS|TS  1|AC  0|TAMS 0x000000008a400000, 0x000000008a400000|
|  97|0x000000008a500000, 0x000000008a600000, 0x000000008a600000|100%| E|CS|TS  1|AC  0|TAMS 0x000000008a500000, 0x000000008a500000|
|  98|0x000000008a600000, 0x000000008a700000, 0x000000008a700000|100%| E|CS|TS  1|AC  0|TAMS 0x000000008a600000, 0x000000008a600000|
|  99|0x000000008a700000, 0x000000008a800000, 0x000000008a800000|100%| E|CS|TS  1|AC  0|TAMS 0x000000008a700000, 0x000000008a700000|
| 100|0x000000008a800000, 0x000000008a900000, 0x000000008a900000|100%| E|CS|TS  1|AC  0|TAMS 0x000000008a800000, 0x000000008a800000|
| 101|0x000000008a900000, 0x000000008aa00000, 0x000000008aa00000|100%| E|CS|TS  1|AC  0|TAMS 0x000000008a900000, 0x000000008a900000|
| 102|0x000000008aa00000, 0x000000008ab00000, 0x000000008ab00000|100%| E|CS|TS  1|AC  0|TAMS 0x000000008aa00000, 0x000000008aa00000|
| 103|0x000000008ab00000, 0x000000008ac00000, 0x000000008ac00000|100%| E|CS|TS  1|AC  0|TAMS 0x000000008ab00000, 0x000000008ab00000|
| 104|0x000000008ac00000, 0x000000008ad00000, 0x000000008ad00000|100%| E|CS|TS  1|AC  0|TAMS 0x000000008ac00000, 0x000000008ac00000|
| 105|0x000000008ad00000, 0x000000008ae00000, 0x000000008ae00000|100%| E|CS|TS  1|AC  0|TAMS 0x000000008ad00000, 0x000000008ad00000|
| 106|0x000000008ae00000, 0x000000008af00000, 0x000000008af00000|100%| E|CS|TS  1|AC  0|TAMS 0x000000008ae00000, 0x000000008ae00000|
| 107|0x000000008af00000, 0x000000008b000000, 0x000000008b000000|100%| E|CS|TS  1|AC  0|TAMS 0x000000008af00000, 0x000000008af00000|
| 108|0x000000008b000000, 0x000000008b100000, 0x000000008b100000|100%| E|CS|TS  1|AC  0|TAMS 0x000000008b000000, 0x000000008b000000|
| 109|0x000000008b100000, 0x000000008b200000, 0x000000008b200000|100%| E|CS|TS  1|AC  0|TAMS 0x000000008b100000, 0x000000008b100000|
| 110|0x000000008b200000, 0x000000008b300000, 0x000000008b300000|100%| E|CS|TS  1|AC  0|TAMS 0x000000008b200000, 0x000000008b200000|
| 111|0x000000008b300000, 0x000000008b400000, 0x000000008b400000|100%| E|CS|TS  1|AC  0|TAMS 0x000000008b300000, 0x000000008b300000|
| 112|0x000000008b400000, 0x000000008b500000, 0x000000008b500000|100%| E|CS|TS  1|AC  0|TAMS 0x000000008b400000, 0x000000008b400000|
| 113|0x000000008b500000, 0x000000008b600000, 0x000000008b600000|100%| E|CS|TS  1|AC  0|TAMS 0x000000008b500000, 0x000000008b500000|
| 114|0x000000008b600000, 0x000000008b700000, 0x000000008b700000|100%| E|CS|TS  1|AC  0|TAMS 0x000000008b600000, 0x000000008b600000|
| 115|0x000000008b700000, 0x000000008b800000, 0x000000008b800000|100%| E|CS|TS  1|AC  0|TAMS 0x000000008b700000, 0x000000008b700000|
| 116|0x000000008b800000, 0x000000008b900000, 0x000000008b900000|100%| E|CS|TS  1|AC  0|TAMS 0x000000008b800000, 0x000000008b800000|
| 117|0x000000008b900000, 0x000000008ba00000, 0x000000008ba00000|100%| E|CS|TS  1|AC  0|TAMS 0x000000008b900000, 0x000000008b900000|
| 118|0x000000008ba00000, 0x000000008bb00000, 0x000000008bb00000|100%| E|CS|TS  1|AC  0|TAMS 0x000000008ba00000, 0x000000008ba00000|
| 119|0x000000008bb00000, 0x000000008bc00000, 0x000000008bc00000|100%| E|CS|TS  1|AC  0|TAMS 0x000000008bb00000, 0x000000008bb00000|
| 120|0x000000008bc00000, 0x000000008bd00000, 0x000000008bd00000|100%| E|CS|TS  1|AC  0|TAMS 0x000000008bc00000, 0x000000008bc00000|
| 121|0x000000008bd00000, 0x000000008be00000, 0x000000008be00000|100%| E|CS|TS  1|AC  0|TAMS 0x000000008bd00000, 0x000000008bd00000|
| 122|0x000000008be00000, 0x000000008bf00000, 0x000000008bf00000|100%| E|CS|TS  1|AC  0|TAMS 0x000000008be00000, 0x000000008be00000|
| 123|0x000000008bf00000, 0x000000008c000000, 0x000000008c000000|100%| E|CS|TS  1|AC  0|TAMS 0x000000008bf00000, 0x000000008bf00000|

Card table byte_map: [0x00000000035f0000,0x00000000039d0000] byte_map_base: 0x00000000031ce000

Marking Bits (Prev, Next): (CMBitMap*) 0x0000000005ce2578, (CMBitMap*) 0x0000000005ce2540
 Prev Bits: [0x0000000022610000, 0x0000000024500000)
 Next Bits: [0x0000000003db0000, 0x0000000005ca0000)

Polling page: 0x0000000000110000

CodeHeap 'non-profiled nmethods': size=120064Kb used=2106Kb max_used=2106Kb free=117957Kb
 bounds [0x000000001b0d0000, 0x000000001b340000, 0x0000000022610000]
CodeHeap 'profiled nmethods': size=120000Kb used=5333Kb max_used=5333Kb free=114666Kb
 bounds [0x0000000013ba0000, 0x00000000140e0000, 0x000000001b0d0000]
CodeHeap 'non-nmethods': size=5696Kb used=1298Kb max_used=1346Kb free=4397Kb
 bounds [0x0000000013610000, 0x0000000013880000, 0x0000000013ba0000]
 total_blobs=4110 nmethods=2707 adapters=551
 compilation: enabled

Compilation events (10 events):
Event: 133.085 Thread 0x00000000075b6800 2704   !   4       javax.swing.JComponent::getClientProperty (56 bytes)
Event: 133.085 Thread 0x00000000075b9800 2705       3       java.awt.Container::containsFocus (13 bytes)
Event: 133.086 Thread 0x00000000075b9800 nmethod 2705 0x00000000140d2210 code [0x00000000140d2400, 0x00000000140d26f8]
Event: 133.087 Thread 0x00000000075b9800 2706   !   3       java.awt.KeyboardFocusManager::clearMostRecentFocusOwner (110 bytes)
Event: 133.089 Thread 0x00000000075b9800 nmethod 2706 0x00000000140d2810 code [0x00000000140d2b00, 0x00000000140d4228]
Event: 133.089 Thread 0x00000000075b9800 2707   !   3       java.awt.KeyboardFocusManager::getPermanentFocusOwner (42 bytes)
Event: 133.089 Thread 0x00000000075b9800 nmethod 2707 0x00000000140d4890 code [0x00000000140d4a80, 0x00000000140d4ee8]
Event: 133.091 Thread 0x00000000075b6800 nmethod 2704 0x000000001b2de010 code [0x000000001b2de1e0, 0x000000001b2de7e8]
Event: 133.092 Thread 0x00000000075b9800 2708       3       java.io.BufferedReader::readLine (6 bytes)
Event: 133.093 Thread 0x00000000075b9800 nmethod 2708 0x00000000140d5090 code [0x00000000140d5240, 0x00000000140d53e8]

GC Heap History (10 events):
Event: 2.780 GC heap before
{Heap before GC invocations=0 (full 0):
 garbage-first heap   total 126976K, used 20480K [0x0000000084400000, 0x0000000100000000)
  region size 1024K, 14 young (14336K), 0 survivors (0K)
 Metaspace       used 16327K, capacity 16828K, committed 17024K, reserved 1064960K
  class space    used 1665K, capacity 1896K, committed 1920K, reserved 1048576K
}
Event: 2.789 GC heap after
{Heap after GC invocations=1 (full 0):
 garbage-first heap   total 126976K, used 9256K [0x0000000084400000, 0x0000000100000000)
  region size 1024K, 2 young (2048K), 2 survivors (2048K)
 Metaspace       used 16327K, capacity 16828K, committed 17024K, reserved 1064960K
  class space    used 1665K, capacity 1896K, committed 1920K, reserved 1048576K
}
Event: 8.322 GC heap before
{Heap before GC invocations=1 (full 0):
 garbage-first heap   total 126976K, used 21544K [0x0000000084400000, 0x0000000100000000)
  region size 1024K, 14 young (14336K), 2 survivors (2048K)
 Metaspace       used 19766K, capacity 20258K, committed 20608K, reserved 1067008K
  class space    used 2117K, capacity 2327K, committed 2432K, reserved 1048576K
}
Event: 8.329 GC heap after
{Heap after GC invocations=2 (full 0):
 garbage-first heap   total 126976K, used 10140K [0x0000000084400000, 0x0000000100000000)
  region size 1024K, 1 young (1024K), 1 survivors (1024K)
 Metaspace       used 19766K, capacity 20258K, committed 20608K, reserved 1067008K
  class space    used 2117K, capacity 2327K, committed 2432K, reserved 1048576K
}
Event: 26.873 GC heap before
{Heap before GC invocations=2 (full 0):
 garbage-first heap   total 126976K, used 41884K [0x0000000084400000, 0x0000000100000000)
  region size 1024K, 32 young (32768K), 1 survivors (1024K)
 Metaspace       used 20574K, capacity 21117K, committed 21296K, reserved 1069056K
  class space    used 2189K, capacity 2402K, committed 2432K, reserved 1048576K
}
Event: 26.881 GC heap after
{Heap after GC invocations=3 (full 0):
 garbage-first heap   total 126976K, used 11269K [0x0000000084400000, 0x0000000100000000)
  region size 1024K, 3 young (3072K), 3 survivors (3072K)
 Metaspace       used 20574K, capacity 21117K, committed 21296K, reserved 1069056K
  class space    used 2189K, capacity 2402K, committed 2432K, reserved 1048576K
}
Event: 49.646 GC heap before
{Heap before GC invocations=3 (full 0):
 garbage-first heap   total 126976K, used 48133K [0x0000000084400000, 0x0000000100000000)
  region size 1024K, 40 young (40960K), 3 survivors (3072K)
 Metaspace       used 20649K, capacity 21123K, committed 21296K, reserved 1069056K
  class space    used 2191K, capacity 2403K, committed 2432K, reserved 1048576K
}
Event: 49.657 GC heap after
{Heap after GC invocations=4 (full 0):
 garbage-first heap   total 126976K, used 11804K [0x0000000084400000, 0x0000000100000000)
  region size 1024K, 3 young (3072K), 3 survivors (3072K)
 Metaspace       used 20649K, capacity 21123K, committed 21296K, reserved 1069056K
  class space    used 2191K, capacity 2403K, committed 2432K, reserved 1048576K
}
Event: 93.141 GC heap before
{Heap before GC invocations=5 (full 0):
 garbage-first heap   total 126976K, used 84508K [0x0000000084400000, 0x0000000100000000)
  region size 1024K, 74 young (75776K), 3 survivors (3072K)
 Metaspace       used 20775K, capacity 21288K, committed 21680K, reserved 1069056K
  class space    used 2196K, capacity 2437K, committed 2560K, reserved 1048576K
}
Event: 93.155 GC heap after
{Heap after GC invocations=6 (full 0):
 garbage-first heap   total 126976K, used 13588K [0x0000000084400000, 0x0000000100000000)
  region size 1024K, 5 young (5120K), 5 survivors (5120K)
 Metaspace       used 20775K, capacity 21288K, committed 21680K, reserved 1069056K
  class space    used 2196K, capacity 2437K, committed 2560K, reserved 1048576K
}

Deoptimization events (10 events):
Event: 10.253 Thread 0x00000000681e8800 Uncommon trap: reason=unstable_if action=reinterpret pc=0x000000001b0feb50 method=jdk.internal.org.objectweb.asm.Type.getArgumentsAndReturnSizes(Ljava/lang/String;)I @ 88 c2
Event: 10.258 Thread 0x00000000681e8800 Uncommon trap: reason=unstable_if action=reinterpret pc=0x000000001b10fbe4 method=jdk.internal.org.objectweb.asm.Frame.push(Ljdk/internal/org/objectweb/asm/ClassWriter;Ljava/lang/String;)V @ 24 c2
Event: 10.325 Thread 0x00000000681e8800 Uncommon trap: reason=unstable_if action=reinterpret pc=0x000000001b1b9d68 method=java.util.IdentityHashMap.isEmpty()Z @ 4 c2
Event: 26.887 Thread 0x0000000007597800 Uncommon trap: reason=unstable_if action=reinterpret pc=0x000000001b1c8bd4 method=java.lang.ref.ReferenceQueue.enqueue(Ljava/lang/ref/Reference;)Z @ 94 c2
Event: 26.888 Thread 0x00000000075a3000 Uncommon trap: reason=unstable_if action=reinterpret pc=0x000000001b1c9b40 method=java.lang.ref.ReferenceQueue.reallyPoll()Ljava/lang/ref/Reference; @ 54 c2
Event: 49.024 Thread 0x00000000681e8800 Uncommon trap: reason=unstable_if action=reinterpret pc=0x000000001b1f153c method=java.awt.EventQueue.postEvent(Ljava/awt/AWTEvent;I)V @ 6 c2
Event: 51.734 Thread 0x00000000681e8800 Uncommon trap: reason=unstable_fused_if action=reinterpret pc=0x000000001b1c7c90 method=java.util.HashMap.tableSizeFor(I)I @ 37 c2
Event: 72.505 Thread 0x00000000681e8800 Uncommon trap: reason=unstable_if action=reinterpret pc=0x000000001b196a94 method=java.util.Hashtable.put(Ljava/lang/Object;Ljava/lang/Object;)Ljava/lang/Object; @ 63 c2
Event: 93.162 Thread 0x00000000684bd800 Uncommon trap: reason=unstable_if action=reinterpret pc=0x000000001b1ca640 method=java.util.Hashtable.remove(Ljava/lang/Object;)Ljava/lang/Object; @ 51 c2
Event: 130.270 Thread 0x00000000681e8800 Uncommon trap: reason=unstable_if action=reinterpret pc=0x000000001b20a378 method=java.util.concurrent.locks.AbstractQueuedSynchronizer.acquireQueued(Ljava/util/concurrent/locks/AbstractQueuedSynchronizer$Node;I)Z @ 22 c2

Classes redefined (2 events):
Event: 42.449 Thread 0x0000000007594800 redefined class name=cfh.circles.SVG, count=1
Event: 87.448 Thread 0x0000000007594800 redefined class name=cfh.circles.Circles, count=1

Internal exceptions (10 events):
Event: 5.124 Thread 0x0000000069b50800 Exception <a 'java/lang/NoSuchMethodError'{0x000000008b90f968}: method resolution failed> (0x000000008b90f968) thrown at [t:/workspace/open/src/hotspot/share/prims/methodHandles.cpp, line 1226]
Event: 5.495 Thread 0x00000000681e8800 Implicit null exception at 0x000000001b14161c to 0x000000001b143c66
Event: 8.329 Thread 0x00000000681e8800 Implicit null exception at 0x000000001b18bcb2 to 0x000000001b190836
Event: 10.254 Thread 0x00000000681e8800 Exception <a 'java/lang/NoSuchMethodError'{0x000000008bb180d0}: java.lang.Object.lambda$union$2(Ljava/util/regex/Pattern$CharPredicate;I)Z> (0x000000008bb180d0) thrown at [t:/workspace/open/src/hotspot/share/interpreter/linkResolver.cpp, line 741]
Event: 10.258 Thread 0x00000000681e8800 Exception <a 'java/lang/NoSuchMethodError'{0x000000008bb20cb0}: java.lang.invoke.DirectMethodHandle$Holder.invokeSpecial(Ljava/lang/Object;Ljava/lang/Object;)D> (0x000000008bb20cb0) thrown at [t:/workspace/open/src/hotspot/share/interpreter/linkResolver.c
Event: 10.269 Thread 0x00000000681e8800 Exception <a 'java/lang/NoSuchMethodError'{0x000000008bb272f0}: method resolution failed> (0x000000008bb272f0) thrown at [t:/workspace/open/src/hotspot/share/prims/methodHandles.cpp, line 1226]
Event: 10.324 Thread 0x00000000681e8800 Exception <a 'java/lang/IllegalArgumentException'{0x000000008bb79d50}> (0x000000008bb79d50) thrown at [t:/workspace/open/src/hotspot/share/prims/jvm.cpp, line 1349]
Event: 10.324 Thread 0x00000000681e8800 Exception <a 'java/lang/IllegalArgumentException'{0x000000008bb79d50}> (0x000000008bb79d50) thrown at [t:/workspace/open/src/hotspot/share/prims/jvm.cpp, line 1349]
Event: 51.740 Thread 0x00000000681e8800 Exception <a 'java/lang/IllegalArgumentException'{0x000000008baa31c0}> (0x000000008baa31c0) thrown at [t:/workspace/open/src/hotspot/share/prims/jvm.cpp, line 1349]
Event: 51.740 Thread 0x00000000681e8800 Exception <a 'java/lang/IllegalArgumentException'{0x000000008baa31c0}> (0x000000008baa31c0) thrown at [t:/workspace/open/src/hotspot/share/prims/jvm.cpp, line 1349]

Events (10 events):
Event: 130.311 Executing VM operation: RevokeBias done
Event: 130.311 Executing VM operation: RevokeBias
Event: 130.311 Executing VM operation: RevokeBias done
Event: 130.313 Executing VM operation: RevokeBias
Event: 130.313 Executing VM operation: RevokeBias done
Event: 130.313 Thread 0x0000000007632800 Thread exited: 0x0000000007632800
Event: 130.323 Executing VM operation: BulkRevokeBias
Event: 130.323 Executing VM operation: BulkRevokeBias done
Event: 133.083 Executing VM operation: RevokeBias
Event: 133.083 Executing VM operation: RevokeBias done


Dynamic libraries:
0x000000013f5a0000 - 0x000000013f5de000 	C:\Program Files\Java\JDK10\bin\javaw.exe
0x0000000077a40000 - 0x0000000077bea000 	C:\Windows\SYSTEM32\ntdll.dll
0x0000000077920000 - 0x0000000077a3f000 	C:\Windows\system32\kernel32.dll
0x000007fefd9f0000 - 0x000007fefda5a000 	C:\Windows\system32\KERNELBASE.dll
0x000007fefeb20000 - 0x000007fefebfb000 	C:\Windows\system32\ADVAPI32.dll
0x000007fefea80000 - 0x000007fefeb1f000 	C:\Windows\system32\msvcrt.dll
0x000007fefe3d0000 - 0x000007fefe3ef000 	C:\Windows\SYSTEM32\sechost.dll
0x000007fefe570000 - 0x000007fefe69d000 	C:\Windows\system32\RPCRT4.dll
0x0000000077820000 - 0x000000007791a000 	C:\Windows\system32\USER32.dll
0x000007fefe500000 - 0x000007fefe567000 	C:\Windows\system32\GDI32.dll
0x000007fefdfb0000 - 0x000007fefdfbe000 	C:\Windows\system32\LPK.dll
0x000007fefe720000 - 0x000007fefe7ea000 	C:\Windows\system32\USP10.dll
0x000007fefc770000 - 0x000007fefc964000 	C:\Windows\WinSxS\amd64_microsoft.windows.common-controls_6595b64144ccf1df_6.0.7601.18837_none_fa3b1e3d17594757\COMCTL32.dll
0x000007feffcd0000 - 0x000007feffd41000 	C:\Windows\system32\SHLWAPI.dll
0x000007fefd6f0000 - 0x000007fefd6fc000 	C:\Windows\system32\VERSION.dll
0x000007fefe6a0000 - 0x000007fefe6ce000 	C:\Windows\system32\IMM32.DLL
0x000007fefe3f0000 - 0x000007fefe4f9000 	C:\Windows\system32\MSCTF.dll
0x000007fefd700000 - 0x000007fefd730000 	C:\Windows\system32\nvinitx.dll
0x00000000752e0000 - 0x00000000752e6000 	C:\Program Files\NVIDIA Corporation\CoProcManager\detoured.dll
0x000007fefb680000 - 0x000007fefb6b8000 	C:\Program Files\NVIDIA Corporation\CoProcManager\nvd3d9wrapx.dll
0x000007feffa30000 - 0x000007feffc07000 	C:\Windows\system32\SETUPAPI.dll
0x000007fefda60000 - 0x000007fefda96000 	C:\Windows\system32\CFGMGR32.dll
0x000007fefe2f0000 - 0x000007fefe3c8000 	C:\Windows\system32\OLEAUT32.dll
0x000007fefe7f0000 - 0x000007fefe9f3000 	C:\Windows\system32\ole32.dll
0x000007fefdad0000 - 0x000007fefdaea000 	C:\Windows\system32\DEVOBJ.dll
0x000007fefb850000 - 0x000007fefb874000 	C:\Program Files\NVIDIA Corporation\CoProcManager\nvdxgiwrapx.dll
0x000007fed7390000 - 0x000007fed747f000 	C:\Program Files\Java\JDK10\bin\msvcr120.dll
0x000007fedef50000 - 0x000007fedeff6000 	C:\Program Files\Java\JDK10\bin\msvcp120.dll
0x00000000078f0000 - 0x0000000008360000 	C:\Program Files\Java\JDK10\bin\server\jvm.dll
0x000007fefaee0000 - 0x000007fefaee9000 	C:\Windows\system32\WSOCK32.dll
0x000007fefe6d0000 - 0x000007fefe71d000 	C:\Windows\system32\WS2_32.dll
0x000007fefde10000 - 0x000007fefde18000 	C:\Windows\system32\NSI.dll
0x000007fefb380000 - 0x000007fefb3bb000 	C:\Windows\system32\WINMM.dll
0x0000000077c00000 - 0x0000000077c07000 	C:\Windows\system32\PSAPI.DLL
0x000007fefae20000 - 0x000007fefae2f000 	C:\Program Files\Java\JDK10\bin\verify.dll
0x000007fefb080000 - 0x000007fefb1a5000 	C:\Windows\system32\DBGHELP.DLL
0x000007feed520000 - 0x000007feed547000 	C:\Program Files\Java\JDK10\bin\java.dll
0x000007fee6bb0000 - 0x000007fee6be6000 	C:\Program Files\Java\JDK10\bin\jdwp.dll
0x000007fef6960000 - 0x000007fef6976000 	C:\Program Files\Java\JDK10\bin\zip.dll
0x000007fefa9a0000 - 0x000007fefa9aa000 	C:\Program Files\Java\JDK10\bin\jimage.dll
0x000007fefec00000 - 0x000007feff98a000 	C:\Windows\system32\SHELL32.dll
0x000007fefd7d0000 - 0x000007fefd7df000 	C:\Windows\system32\profapi.dll
0x000007fef6ca0000 - 0x000007fef6caa000 	C:\Program Files\Java\JDK10\bin\dt_socket.dll
0x000007fefcef0000 - 0x000007fefcf45000 	C:\Windows\System32\mswsock.dll
0x000007fefcd80000 - 0x000007fefcddb000 	C:\Windows\system32\DNSAPI.dll
0x000007fef66d0000 - 0x000007fef66fe000 	C:\Program Files\Common Files\Microsoft Shared\Windows Live\WLIDNSP.DLL
0x000007fefaeb0000 - 0x000007fefaed7000 	C:\Windows\system32\IPHLPAPI.DLL
0x000007fefae10000 - 0x000007fefae1b000 	C:\Windows\system32\WINNSI.DLL
0x000007fef9e80000 - 0x000007fef9ed3000 	C:\Windows\System32\fwpuclnt.dll
0x000007fef6640000 - 0x000007fef6648000 	C:\Windows\system32\rasadhlp.dll
0x000007fefd140000 - 0x000007fefd147000 	C:\Windows\System32\wship6.dll
0x000007fefc210000 - 0x000007fefc217000 	C:\Windows\System32\wshtcpip.dll
0x000007feec4a0000 - 0x000007feec4ba000 	C:\Program Files\Java\JDK10\bin\net.dll
0x000007fef9f50000 - 0x000007fef9fc1000 	C:\Windows\system32\WINHTTP.dll
0x000007fef9ee0000 - 0x000007fef9f44000 	C:\Windows\system32\webio.dll
0x000007feea110000 - 0x000007feea121000 	C:\Program Files\Java\JDK10\bin\nio.dll
0x000007fef68b0000 - 0x000007fef68b8000 	C:\Program Files\Java\JDK10\bin\prefs.dll
0x000007fed71f0000 - 0x000007fed738b000 	C:\Program Files\Java\JDK10\bin\awt.dll
0x000007fee3fd0000 - 0x000007fee4394000 	C:\Windows\system32\d2d1.dll
0x000007fefb980000 - 0x000007fefb9d6000 	C:\Windows\system32\uxtheme.dll
0x000007fefb1b0000 - 0x000007fefb1c8000 	C:\Windows\system32\dwmapi.dll
0x000007fefd5e0000 - 0x000007fefd5ef000 	C:\Windows\system32\CRYPTBASE.dll
0x000007feeec80000 - 0x000007feeed9d000 	C:\Windows\system32\opengl32.dll
0x000007feeec50000 - 0x000007feeec7d000 	C:\Windows\system32\GLU32.dll
0x000007feeeb50000 - 0x000007feeec41000 	C:\Windows\system32\DDRAW.dll
0x000007feeeb40000 - 0x000007feeeb48000 	C:\Windows\system32\DCIMAN32.dll
0x000007fee6780000 - 0x000007fee67e5000 	C:\Program Files\Java\JDK10\bin\fontmanager.dll
0x000007fee9d50000 - 0x000007fee9d8f000 	C:\Program Files\ThinkPad\Bluetooth Software\btmmhook.dll
0x000007fee66c0000 - 0x000007fee6702000 	C:\Program Files\Java\JDK10\bin\t2k.dll
0x000007fee9d90000 - 0x000007fee9db4000 	C:\Program Files\ThinkPad\Bluetooth Software\btkeyind.dll
0x000007fef9310000 - 0x000007fef93b0000 	C:\Windows\WinSxS\amd64_microsoft.windows.common-controls_6595b64144ccf1df_5.82.7601.18837_none_a4d981ff711297b6\comctl32.dll
0x000007fefd580000 - 0x000007fefd5d7000 	C:\Windows\system32\apphelp.dll
0x000007feff990000 - 0x000007feffa29000 	C:\Windows\system32\CLBCatQ.DLL
0x000007feea7d0000 - 0x000007feea96c000 	C:\Windows\system32\NetworkExplorer.dll
0x000007fefba30000 - 0x000007fefbb5c000 	C:\Windows\system32\PROPSYS.dll
0x000007fefbf80000 - 0x000007fefbfad000 	C:\Windows\system32\ntmarta.dll
0x000007fefe290000 - 0x000007fefe2e2000 	C:\Windows\system32\WLDAP32.dll
0x000007fef4bc0000 - 0x000007fef4bf4000 	C:\Windows\System32\shdocvw.dll
0x000007fefb300000 - 0x000007fefb30b000 	C:\Windows\system32\slc.dll
0x000007fef6510000 - 0x000007fef6528000 	C:\Windows\system32\MPR.dll
0x000007fef84a0000 - 0x000007fef84aa000 	C:\Windows\System32\drprov.dll
0x000007fefd690000 - 0x000007fefd6cd000 	C:\Windows\System32\WINSTA.dll
0x000007fee9aa0000 - 0x000007fee9ac2000 	C:\Windows\System32\ntlanman.dll
0x000007fee9a80000 - 0x000007fee9a9d000 	C:\Windows\System32\davclnt.dll
0x000007fef74c0000 - 0x000007fef74ca000 	C:\Windows\System32\DAVHLPR.dll
0x000007fefc530000 - 0x000007fefc545000 	C:\Windows\system32\wkscli.dll
0x000007fef6180000 - 0x000007fef618f000 	C:\Windows\system32\cscapi.dll
0x000007fefcca0000 - 0x000007fefccac000 	C:\Windows\system32\netutils.dll
0x000007fedd020000 - 0x000007fedd291000 	C:\Windows\system32\wpdshext.dll
0x000007fefc550000 - 0x000007fefc766000 	C:\Windows\WinSxS\amd64_microsoft.windows.gdiplus_6595b64144ccf1df_1.1.7601.23407_none_14556c1e8b95d0b8\gdiplus.dll
0x000007fefa310000 - 0x000007fefa3cd000 	C:\Windows\system32\PortableDeviceApi.dll
0x000007fefdb30000 - 0x000007fefdb6b000 	C:\Windows\system32\WINTRUST.dll
0x000007fefd7e0000 - 0x000007fefd94d000 	C:\Windows\system32\CRYPT32.dll
0x000007fefd7c0000 - 0x000007fefd7cf000 	C:\Windows\system32\MSASN1.dll
0x000007fef6280000 - 0x000007fef62b5000 	C:\Windows\system32\EhStorShell.dll
0x000007feed9f0000 - 0x000007feeda17000 	C:\Windows\system32\EhStorAPI.dll
0x000007fedbe40000 - 0x000007fedccfb000 	C:\Windows\System32\ieframe.dll
0x000007fefdab0000 - 0x000007fefdab5000 	C:\Windows\system32\api-ms-win-downlevel-advapi32-l1-1-0.dll
0x000007fefdac0000 - 0x000007fefdac4000 	C:\Windows\system32\api-ms-win-downlevel-shlwapi-l1-1-0.dll
0x000007fefdaa0000 - 0x000007fefdaa4000 	C:\Windows\system32\api-ms-win-downlevel-user32-l1-1-0.dll
0x000007fefbea0000 - 0x000007fefbea4000 	C:\Windows\System32\api-ms-win-downlevel-shell32-l1-1-0.dll
0x000007fefdaf0000 - 0x000007fefdaf4000 	C:\Windows\system32\api-ms-win-downlevel-version-l1-1-0.dll
0x000007fefdb20000 - 0x000007fefdb23000 	C:\Windows\system32\api-ms-win-downlevel-normaliz-l1-1-0.dll
0x0000000077c10000 - 0x0000000077c13000 	C:\Windows\system32\normaliz.DLL
0x000007fefdfc0000 - 0x000007fefe289000 	C:\Windows\system32\iertutil.dll
0x000007fefde20000 - 0x000007fefdfa5000 	C:\Windows\system32\urlmon.dll
0x000007fefdb70000 - 0x000007fefdb74000 	C:\Windows\system32\api-ms-win-downlevel-ole32-l1-1-0.dll
0x000007fefdb80000 - 0x000007fefde03000 	C:\Windows\system32\WININET.dll
0x000007fefdb00000 - 0x000007fefdb1e000 	C:\Windows\system32\USERENV.dll
0x000007fefbbc0000 - 0x000007fefbbc4000 	C:\Windows\system32\api-ms-win-downlevel-shlwapi-l2-1-0.dll
0x000007fef2c70000 - 0x000007fef2c7c000 	C:\Windows\system32\LINKINFO.dll
0x000007feea260000 - 0x000007feea337000 	C:\Windows\system32\SearchFolder.dll
0x000007feee460000 - 0x000007feee4db000 	C:\Windows\System32\StructuredQuery.dll
0x000007fefd500000 - 0x000007fefd50b000 	C:\Windows\System32\Secur32.dll
0x000007fefd550000 - 0x000007fefd575000 	C:\Windows\system32\SSPICLI.DLL
0x000007fefaf10000 - 0x000007fefb071000 	C:\Windows\system32\WindowsCodecs.dll
0x000007fef5b20000 - 0x000007fef5b9e000 	C:\Windows\System32\cscui.dll
0x000007fef6190000 - 0x000007fef619c000 	C:\Windows\System32\CSCDLL.dll
0x000007fef4b40000 - 0x000007fef4bc0000 	C:\Windows\system32\ntshrui.dll
0x000007fefd220000 - 0x000007fefd243000 	C:\Windows\system32\srvcli.dll
0x0000000180000000 - 0x0000000180076000 	C:\Program Files (x86)\SugarSync\SugarSyncShellExt_x64.dll
0x00000000753a0000 - 0x0000000075469000 	C:\Windows\WinSxS\amd64_microsoft.vc80.crt_1fc8b3b9a1e18e3b_8.0.50727.6195_none_88e41e092fab0294\MSVCR80.dll

dbghelp: loaded successfully - version: 4.0.5 - missing functions: none
symbol engine: initialized successfully - sym options: 0x614 - pdb path: .;C:\Program Files\Java\JDK10\bin;C:\Windows\SYSTEM32;C:\Windows\WinSxS\amd64_microsoft.windows.common-controls_6595b64144ccf1df_6.0.7601.18837_none_fa3b1e3d17594757;C:\Program Files\NVIDIA Corporation\CoProcManager;C:\Program Files\Java\JDK10\bin\server;C:\Program Files\Common Files\Microsoft Shared\Windows Live;C:\Program Files\ThinkPad\Bluetooth Software;C:\Windows\WinSxS\amd64_microsoft.windows.common-controls_6595b64144ccf1df_5.82.7601.18837_none_a4d981ff711297b6;C:\Windows\WinSxS\amd64_microsoft.windows.gdiplus_6595b64144ccf1df_1.1.7601.23407_none_14556c1e8b95d0b8;C:\Program Files (x86)\SugarSync;C:\Windows\WinSxS\amd64_microsoft.vc80.crt_1fc8b3b9a1e18e3b_8.0.50727.6195_none_88e41e092fab0294

VM Arguments:
jvm_args: -agentlib:jdwp=transport=dt_socket,suspend=y,address=localhost:3409 -ea -Dfile.encoding=UTF-8 
java_command: cfh.circles.Main
java_class_path (initial): C:\Program Files\Java\JDK10\lib\jrt-fs.jar;C:\CFH\eclipse\Circles\bin;C:\CFH\eclipse\Circles\lib\JTransforms-3.1-with-dependencies.jar
Launcher Type: SUN_STANDARD

Logging:
Log output configuration:
#0: stdout all=warning uptime,level,tags
#1: stderr all=off uptime,level,tags

Environment Variables:
JAVA_HOME=C:\Program Files\Java\JDK10
PATH=C:/Program Files/Java/JDK10/bin/server;C:/Program Files/Java/JDK10/bin;C:\Program Files\;C:\Program Files\Ruby23\bin;C:\Program Files (x86)\Python2.17\;C:\Program Files (x86)\Python2.17\Scripts;C:\Program Files\Java\JDK10\bin;C:\Program Files\ant-1.9.9\bin;C:\Program Files (x86)\UnxUtils\usr\local\wbin;C:\Program Files (x86)\UnxUtils\bin;C:\Program Files\Graphviz\bin;C:\oraclexe\app\oracle\product\11.2.0\server\bin;C:\Program Files\Common Files\Microsoft Shared\Windows Live;C:\Program Files (x86)\Common Files\Microsoft Shared\Windows Live;C:\Program Files (x86)\Intel\iCLS Client\;C:\Program Files\Intel\iCLS Client\;C:\Windows\system32;C:\Windows;C:\Windows\System32\Wbem;C:\Windows\System32\WindowsPowerShell\v1.0\;C:\Program Files\Intel\WiFi\bin\;C:\Program Files\Common Files\Intel\WirelessCommon\;C:\Program Files\ThinkPad\Bluetooth Software\;C:\Program Files\ThinkPad\Bluetooth Software\syswow64;C:\Program Files\Intel\Intel(R) Management Engine Components\DAL;C:\Program Files\Intel\Intel(R) Management Engine Components\IPT;C:\Program Files (x86)\Intel\Intel(R) Management Engine Components\DAL;C:\Program Files (x86)\Intel\Intel(R) Management Engine Components\IPT;C:\Program Files (x86)\Intel\OpenCL SDK\2.0\bin\x86;C:\Program Files (x86)\Intel\OpenCL SDK\2.0\bin\x64;C:\Program Files\Common Files\Lenovo;C:\Program Files (x86)\Common Files\Ulead Systems\MPEG;C:\Program Files (x86)\Windows Live\Shared;C:\Program Files (x86)\Lenovo\Access Connections\;C:\SWTOOLS\ReadyApps;C:\Program Files (x86)\Symantec\VIP Access Client\;C:\Program Files (x86)\Common Files\Lenovo;C:\Program Files (x86)\Vim\vim73;C:\Program Files\ffmpeg;C:\Program Files\nircmd;C:\Program Files\CMake\bin;C:\Program Files (x86)\Microsoft SDKs\TypeScript\1.0\;C:\Program Files (x86)\NVIDIA Corporation\PhysX\Common;C:\Program Files\PuTTY\;C:\Program Files\Ruby23\bin;.;C:\sapdb\clients\MED\bin;C:\sapdb\clients\MED\pgm;C:\sapdb\programs\bin;C:\windows\SysWOW64;C:\Program Files\eclipse;
USERNAME=atos
DISPLAY=10.1.3.110:0.0
OS=Windows_NT
PROCESSOR_IDENTIFIER=Intel64 Family 6 Model 58 Stepping 9, GenuineIntel



---------------  S Y S T E M  ---------------

OS: Windows 7 , 64 bit Build 7601 (6.1.7601.23391)

CPU:total 4 (initial active 4) (2 cores per cpu, 2 threads per core) family 6 model 58 stepping 9, cmov, cx8, fxsr, mmx, sse, sse2, sse3, ssse3, sse4.1, sse4.2, popcnt, avx, aes, clmul, erms, ht, tsc, tscinvbit, tscinv

Memory: 4k page, physical 8105068k(2273516k free), swap 16491820k(9359956k free)

vm_info: Java HotSpot(TM) 64-Bit Server VM (10.0.2+13) for windows-amd64 JRE (10.0.2+13), built on Jun 28 2018 01:57:56 by "mach5one" with MS VC++ 12.0 (VS2013)

END.
